Electric Version 8.05
--------------- 0 --------------
  Tue Mar 13 20:39:28 EDT 2018
Menu Activated: File | Open Library...
--------------- 1 --------------
  Tue Mar 13 20:39:52 EDT 2018
ProcessKeyBinding 401 when=1520987992834 modifiers=80 code=11 char=ffff false false
--------------- 2 --------------
  Tue Mar 13 20:39:53 EDT 2018
ProcessKeyBinding 401 when=1520987993340 modifiers=80 code=11 char=ffff false false
--------------- 3 --------------
  Tue Mar 13 20:39:53 EDT 2018
ProcessKeyBinding 401 when=1520987993371 modifiers=80 code=11 char=ffff false false
--------------- 4 --------------
  Tue Mar 13 20:39:53 EDT 2018
ProcessKeyBinding 401 when=1520987993415 modifiers=80 code=11 char=ffff false false
--------------- 5 --------------
  Tue Mar 13 20:39:53 EDT 2018
ProcessKeyBinding 401 when=1520987993443 modifiers=80 code=11 char=ffff false false
--------------- 6 --------------
  Tue Mar 13 20:39:53 EDT 2018
ProcessKeyBinding 401 when=1520987993474 modifiers=80 code=11 char=ffff false false
--------------- 7 --------------
  Tue Mar 13 20:39:53 EDT 2018
ProcessKeyBinding 401 when=1520987993506 modifiers=80 code=11 char=ffff false false
--------------- 8 --------------
  Tue Mar 13 20:39:53 EDT 2018
ProcessKeyBinding 401 when=1520987993538 modifiers=80 code=11 char=ffff false false
--------------- 9 --------------
  Tue Mar 13 20:39:53 EDT 2018
ProcessKeyBinding 401 when=1520987993582 modifiers=80 code=11 char=ffff false false
--------------- 10 --------------
  Tue Mar 13 20:39:53 EDT 2018
ProcessKeyBinding 401 when=1520987993618 modifiers=80 code=11 char=ffff false false
--------------- 11 --------------
  Tue Mar 13 20:39:53 EDT 2018
ProcessKeyBinding 401 when=1520987993650 modifiers=80 code=11 char=ffff false false
--------------- 12 --------------
  Tue Mar 13 20:39:53 EDT 2018
ProcessKeyBinding 401 when=1520987993682 modifiers=80 code=11 char=ffff false false
--------------- 13 --------------
  Tue Mar 13 20:39:53 EDT 2018
ProcessKeyBinding 401 when=1520987993717 modifiers=80 code=11 char=ffff false false
--------------- 14 --------------
  Tue Mar 13 20:39:53 EDT 2018
ProcessKeyBinding 401 when=1520987993747 modifiers=80 code=11 char=ffff false false
--------------- 15 --------------
  Tue Mar 13 20:39:53 EDT 2018
ProcessKeyBinding 401 when=1520987993781 modifiers=80 code=11 char=ffff false false
--------------- 16 --------------
  Tue Mar 13 20:39:53 EDT 2018
ProcessKeyBinding 401 when=1520987993809 modifiers=80 code=11 char=ffff false false
--------------- 17 --------------
  Tue Mar 13 20:39:53 EDT 2018
ProcessKeyBinding 401 when=1520987993840 modifiers=80 code=11 char=ffff false false
--------------- 18 --------------
  Tue Mar 13 20:39:53 EDT 2018
ProcessKeyBinding 401 when=1520987993865 modifiers=80 code=11 char=ffff false false
--------------- 19 --------------
  Tue Mar 13 20:39:53 EDT 2018
ProcessKeyBinding 401 when=1520987993896 modifiers=80 code=11 char=ffff false false
--------------- 20 --------------
  Tue Mar 13 20:39:53 EDT 2018
ProcessKeyBinding 401 when=1520987993940 modifiers=80 code=11 char=ffff false false
--------------- 21 --------------
  Tue Mar 13 20:39:53 EDT 2018
ProcessKeyBinding 402 when=1520987993972 modifiers=0 code=11 char=ffff false false
--------------- 22 --------------
  Tue Mar 13 20:39:55 EDT 2018
Menu Activated: Edit | Modes | Edit | Toggle Zoom
--------------- 23 --------------
  Tue Mar 13 20:40:05 EDT 2018
ProcessKeyBinding 401 when=1520988005820 modifiers=80 code=11 char=ffff false false
--------------- 24 --------------
  Tue Mar 13 20:40:06 EDT 2018
ProcessKeyBinding 401 when=1520988006083 modifiers=80 code=5a char=1a false false
--------------- 25 --------------
  Tue Mar 13 20:40:06 EDT 2018
Menu Activated: Edit | Undo
--------------- 26 --------------
  Tue Mar 13 20:40:06 EDT 2018
ProcessKeyBinding 400 when=1520988006083 modifiers=80 code=0 char=1a false false
--------------- 27 --------------
  Tue Mar 13 20:40:06 EDT 2018
ProcessKeyBinding 402 when=1520988006260 modifiers=80 code=5a char=1a false false
--------------- 28 --------------
  Tue Mar 13 20:40:06 EDT 2018
ProcessKeyBinding 402 when=1520988006288 modifiers=0 code=11 char=ffff false false
--------------- 29 --------------
  Tue Mar 13 20:40:08 EDT 2018
ProcessKeyBinding 401 when=1520988008039 modifiers=80 code=11 char=ffff false false
--------------- 30 --------------
  Tue Mar 13 20:40:08 EDT 2018
ProcessKeyBinding 401 when=1520988008537 modifiers=80 code=11 char=ffff false false
--------------- 31 --------------
  Tue Mar 13 20:40:08 EDT 2018
ProcessKeyBinding 401 when=1520988008579 modifiers=80 code=11 char=ffff false false
--------------- 32 --------------
  Tue Mar 13 20:40:08 EDT 2018
ProcessKeyBinding 401 when=1520988008603 modifiers=80 code=11 char=ffff false false
--------------- 33 --------------
  Tue Mar 13 20:40:08 EDT 2018
ProcessKeyBinding 401 when=1520988008647 modifiers=80 code=11 char=ffff false false
--------------- 34 --------------
  Tue Mar 13 20:40:08 EDT 2018
ProcessKeyBinding 401 when=1520988008678 modifiers=80 code=11 char=ffff false false
--------------- 35 --------------
  Tue Mar 13 20:40:08 EDT 2018
ProcessKeyBinding 401 when=1520988008712 modifiers=80 code=11 char=ffff false false
--------------- 36 --------------
  Tue Mar 13 20:40:08 EDT 2018
ProcessKeyBinding 401 when=1520988008732 modifiers=80 code=11 char=ffff false false
--------------- 37 --------------
  Tue Mar 13 20:40:08 EDT 2018
ProcessKeyBinding 401 when=1520988008778 modifiers=80 code=11 char=ffff false false
--------------- 38 --------------
  Tue Mar 13 20:40:08 EDT 2018
ProcessKeyBinding 401 when=1520988008811 modifiers=80 code=11 char=ffff false false
--------------- 39 --------------
  Tue Mar 13 20:40:08 EDT 2018
ProcessKeyBinding 401 when=1520988008842 modifiers=80 code=11 char=ffff false false
--------------- 40 --------------
  Tue Mar 13 20:40:08 EDT 2018
ProcessKeyBinding 401 when=1520988008873 modifiers=80 code=11 char=ffff false false
--------------- 41 --------------
  Tue Mar 13 20:40:08 EDT 2018
ProcessKeyBinding 401 when=1520988008909 modifiers=80 code=11 char=ffff false false
--------------- 42 --------------
  Tue Mar 13 20:40:08 EDT 2018
ProcessKeyBinding 401 when=1520988008941 modifiers=80 code=11 char=ffff false false
--------------- 43 --------------
  Tue Mar 13 20:40:08 EDT 2018
ProcessKeyBinding 401 when=1520988008975 modifiers=80 code=11 char=ffff false false
--------------- 44 --------------
  Tue Mar 13 20:40:09 EDT 2018
ProcessKeyBinding 401 when=1520988009008 modifiers=80 code=11 char=ffff false false
--------------- 45 --------------
  Tue Mar 13 20:40:09 EDT 2018
ProcessKeyBinding 401 when=1520988009040 modifiers=80 code=11 char=ffff false false
--------------- 46 --------------
  Tue Mar 13 20:40:09 EDT 2018
ProcessKeyBinding 401 when=1520988009064 modifiers=80 code=11 char=ffff false false
--------------- 47 --------------
  Tue Mar 13 20:40:09 EDT 2018
ProcessKeyBinding 401 when=1520988009096 modifiers=80 code=11 char=ffff false false
--------------- 48 --------------
  Tue Mar 13 20:40:09 EDT 2018
ProcessKeyBinding 401 when=1520988009127 modifiers=80 code=11 char=ffff false false
--------------- 49 --------------
  Tue Mar 13 20:40:09 EDT 2018
ProcessKeyBinding 401 when=1520988009172 modifiers=80 code=11 char=ffff false false
--------------- 50 --------------
  Tue Mar 13 20:40:09 EDT 2018
ProcessKeyBinding 401 when=1520988009192 modifiers=80 code=11 char=ffff false false
--------------- 51 --------------
  Tue Mar 13 20:40:09 EDT 2018
ProcessKeyBinding 401 when=1520988009240 modifiers=80 code=11 char=ffff false false
--------------- 52 --------------
  Tue Mar 13 20:40:09 EDT 2018
ProcessKeyBinding 401 when=1520988009265 modifiers=80 code=11 char=ffff false false
--------------- 53 --------------
  Tue Mar 13 20:40:09 EDT 2018
ProcessKeyBinding 401 when=1520988009305 modifiers=80 code=11 char=ffff false false
--------------- 54 --------------
  Tue Mar 13 20:40:09 EDT 2018
ProcessKeyBinding 401 when=1520988009327 modifiers=80 code=11 char=ffff false false
--------------- 55 --------------
  Tue Mar 13 20:40:09 EDT 2018
ProcessKeyBinding 401 when=1520988009365 modifiers=80 code=11 char=ffff false false
--------------- 56 --------------
  Tue Mar 13 20:40:09 EDT 2018
ProcessKeyBinding 401 when=1520988009397 modifiers=80 code=11 char=ffff false false
--------------- 57 --------------
  Tue Mar 13 20:40:09 EDT 2018
ProcessKeyBinding 401 when=1520988009426 modifiers=80 code=11 char=ffff false false
--------------- 58 --------------
  Tue Mar 13 20:40:09 EDT 2018
ProcessKeyBinding 401 when=1520988009463 modifiers=80 code=11 char=ffff false false
--------------- 59 --------------
  Tue Mar 13 20:40:09 EDT 2018
ProcessKeyBinding 401 when=1520988009489 modifiers=80 code=11 char=ffff false false
--------------- 60 --------------
  Tue Mar 13 20:40:09 EDT 2018
ProcessKeyBinding 401 when=1520988009531 modifiers=80 code=11 char=ffff false false
--------------- 61 --------------
  Tue Mar 13 20:40:09 EDT 2018
ProcessKeyBinding 401 when=1520988009561 modifiers=80 code=11 char=ffff false false
--------------- 62 --------------
  Tue Mar 13 20:40:09 EDT 2018
ProcessKeyBinding 401 when=1520988009573 modifiers=80 code=5a char=1a false false
--------------- 63 --------------
  Tue Mar 13 20:40:09 EDT 2018
Menu Activated: Edit | Undo
--------------- 64 --------------
  Tue Mar 13 20:40:09 EDT 2018
ProcessKeyBinding 400 when=1520988009573 modifiers=80 code=0 char=1a false false
--------------- 65 --------------
  Tue Mar 13 20:40:09 EDT 2018
ProcessKeyBinding 402 when=1520988009698 modifiers=80 code=5a char=1a false false
--------------- 66 --------------
  Tue Mar 13 20:40:09 EDT 2018
ProcessKeyBinding 402 when=1520988009794 modifiers=0 code=11 char=ffff false false
--------------- 67 --------------
  Tue Mar 13 20:40:11 EDT 2018
Menu Activated: File | Open Library...
--------------- 68 --------------
  Tue Mar 13 20:40:50 EDT 2018
ProcessKeyBinding 401 when=1520988050296 modifiers=40 code=10 char=ffff false false
--------------- 69 --------------
  Tue Mar 13 20:40:50 EDT 2018
ProcessKeyBinding 402 when=1520988050435 modifiers=400 code=10 char=ffff false false
--------------- 70 --------------
  Tue Mar 13 20:40:50 EDT 2018
ProcessKeyBinding 401 when=1520988050980 modifiers=40 code=10 char=ffff false false
--------------- 71 --------------
  Tue Mar 13 20:40:51 EDT 2018
ProcessKeyBinding 401 when=1520988051487 modifiers=40 code=10 char=ffff false false
--------------- 72 --------------
  Tue Mar 13 20:40:51 EDT 2018
ProcessKeyBinding 401 when=1520988051523 modifiers=40 code=10 char=ffff false false
--------------- 73 --------------
  Tue Mar 13 20:40:51 EDT 2018
ProcessKeyBinding 401 when=1520988051555 modifiers=40 code=10 char=ffff false false
--------------- 74 --------------
  Tue Mar 13 20:40:51 EDT 2018
ProcessKeyBinding 402 when=1520988051563 modifiers=0 code=10 char=ffff false false
--------------- 75 --------------
  Tue Mar 13 20:41:18 EDT 2018
Menu Activated: Edit | Modes | Edit | Toggle Zoom
--------------- 76 --------------
  Tue Mar 13 20:41:23 EDT 2018
Menu Activated: Edit | Modes | Edit | Toggle Pan
Currently highlighted: 
    com.sun.electric.tool.user.HighlightEOBJ in cell 'arch_2bus{sch}': , artwork:Box['art@3']
--------------- 77 --------------
  Tue Mar 13 20:42:23 EDT 2018
ProcessKeyBinding 401 when=1520988143479 modifiers=200 code=12 char=ffff false false
--------------- 78 --------------
  Tue Mar 13 20:42:26 EDT 2018
ProcessKeyBinding 401 when=1520988146268 modifiers=200 code=12 char=ffff false false
--------------- 79 --------------
  Tue Mar 13 20:56:36 EDT 2018
ProcessKeyBinding 401 when=1520988996266 modifiers=200 code=12 char=ffff false false
--------------- 80 --------------
  Tue Mar 13 20:57:46 EDT 2018
ProcessKeyBinding 401 when=1520989066151 modifiers=200 code=12 char=ffff false false
